Arguments: 
  /usr/local/bin/node /usr/local/bin/yarn add …

PATH: 
  /usr/local/bin:/usr/bin:/bin:/usr/sbin:/sbin

Yarn version: 
  1.22.10

Node version: 
  14.15.4

Platform: 
  darwin x64

Trace: 
  TypeError [ERR_UNESCAPED_CHARACTERS]: Request path contains unescaped characters
      at new ClientRequest (_http_client.js:151:13)
      at Object.request (https.js:313:10)
      at Request.module.exports.Request.start (/usr/local/lib/node_modules/yarn/lib/cli.js:141224:32)
      at Request.module.exports.Request.end (/usr/local/lib/node_modules/yarn/lib/cli.js:141983:10)
      at end (/usr/local/lib/node_modules/yarn/lib/cli.js:141037:14)
      at Immediate._onImmediate (/usr/local/lib/node_modules/yarn/lib/cli.js:141051:7)
      at processImmediate (internal/timers.js:461:21)

npm manifest: 
  No manifest

yarn manifest: 
  No manifest

Lockfile: 
  No lockfile
